2016-10-25 01:14:32,424 [Worker-0] INFO  c.n.h.c.p.n.NettyAsyncHttpProvider - Number of application's worked threads is 8
2016-10-25 01:14:37,217 [New I/O client worker #1-1] INFO  o.e.m.c.i.e.AbstractTransferListenerAdapter - Downloading http://repo.maven.apache.org/maven2/org/springframework/boot/spring-boot-starter-parent/1.4.1.RELEASE/spring-boot-starter-parent-1.4.1.RELEASE.pom
2016-10-25 01:14:37,233 [New I/O client worker #1-1] INFO  o.e.m.c.i.e.AbstractTransferListenerAdapter - Downloaded http://repo.maven.apache.org/maven2/org/springframework/boot/spring-boot-starter-parent/1.4.1.RELEASE/spring-boot-starter-parent-1.4.1.RELEASE.pom
2016-10-25 01:14:37,326 [Worker-0] INFO  c.n.h.c.p.n.NettyAsyncHttpProvider - Number of application's worked threads is 8
2016-10-25 01:14:37,467 [New I/O client worker #2-1] INFO  o.e.m.c.i.e.AbstractTransferListenerAdapter - Downloading http://repo.maven.apache.org/maven2/org/springframework/boot/spring-boot-dependencies/1.4.1.RELEASE/spring-boot-dependencies-1.4.1.RELEASE.pom
2016-10-25 01:14:37,638 [New I/O client worker #2-1] INFO  o.e.m.c.i.e.AbstractTransferListenerAdapter - Downloaded http://repo.maven.apache.org/maven2/org/springframework/boot/spring-boot-dependencies/1.4.1.RELEASE/spring-boot-dependencies-1.4.1.RELEASE.pom
2016-10-25 01:14:37,794 [Worker-0] INFO  c.n.h.c.p.n.NettyAsyncHttpProvider - Number of application's worked threads is 8
2016-10-25 01:14:37,935 [New I/O client worker #3-1] INFO  o.e.m.c.i.e.AbstractTransferListenerAdapter - Downloading http://repo.maven.apache.org/maven2/org/springframework/spring-framework-bom/4.3.3.RELEASE/spring-framework-bom-4.3.3.RELEASE.pom
2016-10-25 01:14:37,935 [New I/O client worker #3-1] INFO  o.e.m.c.i.e.AbstractTransferListenerAdapter - Downloaded http://repo.maven.apache.org/maven2/org/springframework/spring-framework-bom/4.3.3.RELEASE/spring-framework-bom-4.3.3.RELEASE.pom
2016-10-25 01:14:38,013 [Worker-0] INFO  c.n.h.c.p.n.NettyAsyncHttpProvider - Number of application's worked threads is 8
2016-10-25 01:14:38,153 [New I/O client worker #4-1] INFO  o.e.m.c.i.e.AbstractTransferListenerAdapter - Downloading http://repo.maven.apache.org/maven2/org/springframework/data/spring-data-releasetrain/Hopper-SR3/spring-data-releasetrain-Hopper-SR3.pom
2016-10-25 01:14:38,153 [New I/O client worker #4-1] INFO  o.e.m.c.i.e.AbstractTransferListenerAdapter - Downloaded http://repo.maven.apache.org/maven2/org/springframework/data/spring-data-releasetrain/Hopper-SR3/spring-data-releasetrain-Hopper-SR3.pom
2016-10-25 01:14:38,216 [Worker-0] INFO  c.n.h.c.p.n.NettyAsyncHttpProvider - Number of application's worked threads is 8
2016-10-25 01:14:38,356 [New I/O client worker #5-1] INFO  o.e.m.c.i.e.AbstractTransferListenerAdapter - Downloading http://repo.maven.apache.org/maven2/org/springframework/data/build/spring-data-build/1.8.3.RELEASE/spring-data-build-1.8.3.RELEASE.pom
2016-10-25 01:14:38,356 [New I/O client worker #5-1] INFO  o.e.m.c.i.e.AbstractTransferListenerAdapter - Downloaded http://repo.maven.apache.org/maven2/org/springframework/data/build/spring-data-build/1.8.3.RELEASE/spring-data-build-1.8.3.RELEASE.pom
2016-10-25 01:14:38,434 [Worker-0] INFO  c.n.h.c.p.n.NettyAsyncHttpProvider - Number of application's worked threads is 8
2016-10-25 01:14:38,590 [New I/O client worker #6-1] INFO  o.e.m.c.i.e.AbstractTransferListenerAdapter - Downloading http://repo.maven.apache.org/maven2/org/springframework/integration/spring-integration-bom/4.3.2.RELEASE/spring-integration-bom-4.3.2.RELEASE.pom
2016-10-25 01:14:38,590 [New I/O client worker #6-1] INFO  o.e.m.c.i.e.AbstractTransferListenerAdapter - Downloaded http://repo.maven.apache.org/maven2/org/springframework/integration/spring-integration-bom/4.3.2.RELEASE/spring-integration-bom-4.3.2.RELEASE.pom
2016-10-25 01:14:38,668 [Worker-0] INFO  c.n.h.c.p.n.NettyAsyncHttpProvider - Number of application's worked threads is 8
2016-10-25 01:14:38,840 [New I/O client worker #7-1] INFO  o.e.m.c.i.e.AbstractTransferListenerAdapter - Downloading http://repo.maven.apache.org/maven2/org/springframework/security/spring-security-bom/4.1.3.RELEASE/spring-security-bom-4.1.3.RELEASE.pom
2016-10-25 01:14:38,840 [New I/O client worker #7-1] INFO  o.e.m.c.i.e.AbstractTransferListenerAdapter - Downloaded http://repo.maven.apache.org/maven2/org/springframework/security/spring-security-bom/4.1.3.RELEASE/spring-security-bom-4.1.3.RELEASE.pom
